target_project/android/build/intermediates/manifest_merge_blame_file/release/processReleaseMainManifest/manifest-merger-blame-release-report.txt
1<?xml version="1.0" encoding="utf-8"?>
2<manifest xmlns:android="http://schemas.android.com/apk/res/android"
3    xmlns:dist="http://schemas.android.com/apk/distribution"
4    package="com.shatteredpixel.shatteredpixeldungeon"
5    android:installLocation="auto"
6    android:targetSandboxVersion="2"
7    android:versionCode="833"
8    android:versionName="3.0.2" > <!-- We perform a runtime check to ensure controllers are disabled on API 14 & 15 -->
9    <uses-sdk
9-->src/main/AndroidManifest.xml:16:2-72
10        android:minSdkVersion="14"
11        android:targetSdkVersion="34" />
12
13    <dist:module dist:instant="true" />
13-->src/main/AndroidManifest.xml:8:2-37
13-->src/main/AndroidManifest.xml:8:15-34
14
15    <uses-feature
15-->src/main/AndroidManifest.xml:9:2-50
16        android:glEsVersion="0x00020000"
16-->src/main/AndroidManifest.xml:9:16-48
17        android:required="true" />
17-->[com.badlogicgames.gdx:gdx-backend-android:1.12.1] AndroidManifest.xml:11:9-32
18
19    <uses-permission android:name="android.permission.VIBRATE" />
19-->src/main/AndroidManifest.xml:11:2-63
19-->src/main/AndroidManifest.xml:11:19-60
20    <uses-permission android:name="android.permission.INTERNET" />
20-->src/main/AndroidManifest.xml:12:2-64
20-->src/main/AndroidManifest.xml:12:19-61
21    <uses-permission android:name="android.permission.ACCESS_NETWORK_STATE" />
21-->src/main/AndroidManifest.xml:13:2-76
21-->src/main/AndroidManifest.xml:13:19-73
22
23    <!--
24         Note that the game doesn't truly support small screen resolutions,
25		it instead forces downscaling to work on these displays.
26    -->
27    <supports-screens
27-->src/main/AndroidManifest.xml:20:2-24:33
28        android:largeScreens="true"
28-->src/main/AndroidManifest.xml:23:3-30
29        android:normalScreens="true"
29-->src/main/AndroidManifest.xml:22:3-31
30        android:smallScreens="true"
30-->src/main/AndroidManifest.xml:21:3-30
31        android:xlargeScreens="true" />
31-->src/main/AndroidManifest.xml:24:3-31
32
33    <application
34        android:allowBackup="true"
34-->src/main/AndroidManifest.xml:33:3-29
35        android:appCategory="game"
35-->src/main/AndroidManifest.xml:30:3-29
36        android:backupAgent="com.shatteredpixel.shatteredpixeldungeon.android.AndroidBackupHandler"
36-->src/main/AndroidManifest.xml:35:3-46
37        android:extractNativeLibs="true"
38        android:fullBackupOnly="true"
38-->src/main/AndroidManifest.xml:34:3-32
39        android:icon="@mipmap/ic_launcher"
39-->src/main/AndroidManifest.xml:27:3-37
40        android:isGame="true"
40-->src/main/AndroidManifest.xml:31:3-24
41        android:label="Shattered Pixel Dungeon"
41-->src/main/AndroidManifest.xml:28:3-29
42        android:resizeableActivity="true"
42-->src/main/AndroidManifest.xml:32:3-36
43        android:theme="@android:style/Theme.Black.NoTitleBar" >
43-->src/main/AndroidManifest.xml:29:3-56
44        <activity
44-->src/main/AndroidManifest.xml:36:3-45:14
45            android:name="com.shatteredpixel.shatteredpixeldungeon.android.AndroidLauncher"
45-->src/main/AndroidManifest.xml:37:4-35
46            android:configChanges="keyboard|keyboardHidden|orientation|screenSize|screenLayout|smallestScreenSize"
46-->src/main/AndroidManifest.xml:39:4-106
47            android:exported="true"
47-->src/main/AndroidManifest.xml:40:4-27
48            android:screenOrientation="nosensor" >
48-->src/main/AndroidManifest.xml:38:4-40
49            <intent-filter>
49-->src/main/AndroidManifest.xml:41:4-44:20
50                <action android:name="android.intent.action.MAIN" />
50-->src/main/AndroidManifest.xml:42:5-57
50-->src/main/AndroidManifest.xml:42:13-54
51
52                <category android:name="android.intent.category.LAUNCHER" />
52-->src/main/AndroidManifest.xml:43:5-65
52-->src/main/AndroidManifest.xml:43:15-62
53            </intent-filter>
54        </activity>
55        <activity android:name="com.shatteredpixel.shatteredpixeldungeon.android.AndroidMissingNativesHandler" >
55-->src/main/AndroidManifest.xml:46:3-48:14
55-->src/main/AndroidManifest.xml:47:4-48
56        </activity>
57    </application>
58
59</manifest>